<?xml version="1.0" encoding="UTF-8"?>
<!-- Generated by org.testng.reporters.JUnitXMLReporter -->
<testsuite ignored="0" hostname="Shishiras-MacBook-Air.local" failures="1" tests="2" name="Test" time="24.236" errors="0" timestamp="2025-06-20T11:05:49 IST">
  <testcase classname="tests.InvalidLoginTest" name="testinvalidLogin" time="0.782"/>
  <testcase classname="tests.ValidLoginTest" name="testLogin" time="19.655">
    <failure type="org.openqa.selenium.ElementClickInterceptedException" message="Element &amp;lt;input class=&amp;quot;a-button-input&amp;quot; type=&amp;quot;submit&amp;quot;&amp;gt; is not clickable at point (126,621) because another element &amp;lt;span id=&amp;quot;checkout-primary-continue-button-id-announce&amp;quot; class=&amp;quot;a-button-text&amp;quot;&amp;gt; obscures it
Build info: version: &amp;apos;4.33.0&amp;apos;, revision: &amp;apos;2c6aaad03a&amp;apos;
System info: os.name: &amp;apos;Mac OS X&amp;apos;, os.arch: &amp;apos;aarch64&amp;apos;, os.version: &amp;apos;15.5&amp;apos;, java.version: &amp;apos;21.0.6&amp;apos;
Driver info: org.openqa.selenium.firefox.FirefoxDriver
Command: [cd070af1-2612-4a3f-8c33-52143daf97aa, clickElement {id=8440afe7-47c1-4370-9a8c-0a8d95f18cca}]
Capabilities {acceptInsecureCerts: true, browserName: firefox, browserVersion: 139.0.1, moz:accessibilityChecks: false, moz:buildID: 20250529122813, moz:geckodriverVersion: 0.36.0, moz:headless: false, moz:platformVersion: 24.5.0, moz:processID: 17773, moz:profile: /var/folders/r4/891x7my55js..., moz:shutdownTimeout: 60000, moz:webdriverClick: true, moz:windowless: false, pageLoadStrategy: normal, platformName: mac, proxy: Proxy(), setWindowRect: true, strictFileInteractability: false, timeouts: {implicit: 0, pageLoad: 300000, script: 30000}, unhandledPromptBehavior: dismiss and notify, userAgent: Mozilla/5.0 (Macintosh; Int...}
Element: [[FirefoxDriver: firefox on mac (cd070af1-2612-4a3f-8c33-52143daf97aa)] -&amp;gt; xpath: //input[@aria-labelledby=&amp;apos;checkout-primary-continue-button-id-announce&amp;apos;]]
Session ID: cd070af1-2612-4a3f-8c33-52143daf97aa">
      <![CDATA[org.openqa.selenium.ElementClickInterceptedException: Element <input class="a-button-input" type="submit"> is not clickable at point (126,621) because another element <span id="checkout-primary-continue-button-id-announce" class="a-button-text"> obscures it
Build info: version: '4.33.0', revision: '2c6aaad03a'
System info: os.name: 'Mac OS X', os.arch: 'aarch64', os.version: '15.5', java.version: '21.0.6'
Driver info: org.openqa.selenium.firefox.FirefoxDriver
Command: [cd070af1-2612-4a3f-8c33-52143daf97aa, clickElement {id=8440afe7-47c1-4370-9a8c-0a8d95f18cca}]
Capabilities {acceptInsecureCerts: true, browserName: firefox, browserVersion: 139.0.1, moz:accessibilityChecks: false, moz:buildID: 20250529122813, moz:geckodriverVersion: 0.36.0, moz:headless: false, moz:platformVersion: 24.5.0, moz:processID: 17773, moz:profile: /var/folders/r4/891x7my55js..., moz:shutdownTimeout: 60000, moz:webdriverClick: true, moz:windowless: false, pageLoadStrategy: normal, platformName: mac, proxy: Proxy(), setWindowRect: true, strictFileInteractability: false, timeouts: {implicit: 0, pageLoad: 300000, script: 30000}, unhandledPromptBehavior: dismiss and notify, userAgent: Mozilla/5.0 (Macintosh; Int...}
Element: [[FirefoxDriver: firefox on mac (cd070af1-2612-4a3f-8c33-52143daf97aa)] -> xpath: //input[@aria-labelledby='checkout-primary-continue-button-id-announce']]
Session ID: cd070af1-2612-4a3f-8c33-52143daf97aa
at org.openqa.selenium.remote.ErrorCodec.decode(ErrorCodec.java:167)
at org.openqa.selenium.remote.codec.w3c.W3CHttpResponseCodec.decode(W3CHttpResponseCodec.java:138)
at org.openqa.selenium.remote.codec.w3c.W3CHttpResponseCodec.decode(W3CHttpResponseCodec.java:50)
at org.openqa.selenium.remote.HttpCommandExecutor.execute(HttpCommandExecutor.java:215)
at org.openqa.selenium.remote.service.DriverCommandExecutor.invokeExecute(DriverCommandExecutor.java:216)
at org.openqa.selenium.remote.service.DriverCommandExecutor.execute(DriverCommandExecutor.java:174)
at org.openqa.selenium.remote.RemoteWebDriver.execute(RemoteWebDriver.java:544)
at org.openqa.selenium.remote.RemoteWebElement.execute(RemoteWebElement.java:223)
at org.openqa.selenium.remote.RemoteWebElement.click(RemoteWebElement.java:76)
at org.openqa.selenium.support.pagefactory.internal.LocatingElementHandler.invoke(LocatingElementHandler.java:51)
at jdk.proxy2/jdk.proxy2.$Proxy13.click(Unknown Source)
at Pages.PaymentPage.placeOrder(PaymentPage.java:50)
at tests.ValidLoginTest.testLogin(ValidLoginTest.java:45)
at java.base/java.util.concurrent.Executors$RunnableAdapter.call(Executors.java:572)
at java.base/java.util.concurrent.FutureTask.run(FutureTask.java:317)
at java.base/java.util.concurrent.ThreadPoolExecutor.runWorker(ThreadPoolExecutor.java:1144)
at java.base/java.util.concurrent.ThreadPoolExecutor$Worker.run(ThreadPoolExecutor.java:642)
at java.base/java.lang.Thread.run(Thread.java:1583)
... Removed 16 stack frames]]>
    </failure>
  </testcase> <!-- testLogin -->
</testsuite> <!-- Test -->
